<?xml version="1.0" encoding="UTF-8"?>
<!-- Generated by org.testng.reporters.JUnitXMLReporter -->
<testsuite ignored="0" hostname="GURUKIRAN" failures="0" tests="3" name="Test" time="18.58" errors="0" timestamp="2025-02-04T12:50:31 IST">
  <testcase classname="test_cases.test3" name="nesw" time="7.261"/>
  <testcase classname="test_cases.search_element" name="searchtestcase" time="6.014"/>
  <testcase classname="test_cases.subscribe_text" name="subscribe" time="5.225"/>
</testsuite> <!-- Test -->
