<?xml version="1.0" encoding="UTF-8"?>
<!-- Generated by org.testng.reporters.JUnitXMLReporter -->
<testsuite ignored="2" hostname="GURUKIRAN" failures="0" tests="1" name="Test" time="12.18" errors="0" timestamp="2025-02-26T15:17:28 IST">
  <testcase classname="com.casr.createOrganization.organizationTest" name="createOrgTest" time="7.099"/>
  <testcase classname="com.casr.createOrganization.organizationTest" name="orgPhonenumberTest" time="0.0">
    <ignored/>
  </testcase> <!-- orgPhonenumberTest -->
  <testcase classname="com.casr.createOrganization.organizationTest" name="createverigyIndustryTest" time="0.0">
    <ignored/>
  </testcase> <!-- createverigyIndustryTest -->
</testsuite> <!-- Test -->
